{
  "Plan": {
    "Node Type": "Sort",
    "Parallel Aware": false,
    "Async Capable": false,
    "Startup Cost": 16.35,
    "Total Cost": 16.36,
    "Plan Rows": 1,
    "Plan Width": 20,
    "Actual Startup Time": 0.232,
    "Actual Total Time": 0.234,
    "Actual Rows": 1,
    "Actual Loops": 1,
    "Sort Key": [
      "c.date",
      "c.class_id"
    ],
    "Sort Method": "quicksort",
    "Sort Space Used": 25,
    "Sort Space Type": "Memory",
    "Shared Hit Blocks": 8,
    "Shared Read Blocks": 0,
    "Shared Dirtied Blocks": 1,
    "Shared Written Blocks": 0,
    "Local Hit Blocks": 0,
    "Local Read Blocks": 0,
    "Local Dirtied Blocks": 0,
    "Local Written Blocks": 0,
    "Temp Read Blocks": 0,
    "Temp Written Blocks": 0,
    "Plans": [
      {
        "Node Type": "Aggregate",
        "Strategy": "Sorted",
        "Partial Mode": "Simple",
        "Parent Relationship": "Outer",
        "Parallel Aware": false,
        "Async Capable": false,
        "Startup Cost": 16.32,
        "Total Cost": 16.34,
        "Plan Rows": 1,
        "Plan Width": 20,
        "Actual Startup Time": 0.201,
        "Actual Total Time": 0.202,
        "Actual Rows": 1,
        "Actual Loops": 1,
        "Group Key": [
          "c.class_id"
        ],
        "Shared Hit Blocks": 5,
        "Shared Read Blocks": 0,
        "Shared Dirtied Blocks": 1,
        "Shared Written Blocks": 0,
        "Local Hit Blocks": 0,
        "Local Read Blocks": 0,
        "Local Dirtied Blocks": 0,
        "Local Written Blocks": 0,
        "Temp Read Blocks": 0,
        "Temp Written Blocks": 0,
        "Plans": [
          {
            "Node Type": "Sort",
            "Parent Relationship": "Outer",
            "Parallel Aware": false,
            "Async Capable": false,
            "Startup Cost": 16.32,
            "Total Cost": 16.32,
            "Plan Rows": 2,
            "Plan Width": 20,
            "Actual Startup Time": 0.188,
            "Actual Total Time": 0.189,
            "Actual Rows": 1,
            "Actual Loops": 1,
            "Sort Key": [
              "c.class_id"
            ],
            "Sort Method": "quicksort",
            "Sort Space Used": 25,
            "Sort Space Type": "Memory",
            "Shared Hit Blocks": 5,
            "Shared Read Blocks": 0,
            "Shared Dirtied Blocks": 1,
            "Shared Written Blocks": 0,
            "Local Hit Blocks": 0,
            "Local Read Blocks": 0,
            "Local Dirtied Blocks": 0,
            "Local Written Blocks": 0,
            "Temp Read Blocks": 0,
            "Temp Written Blocks": 0,
            "Plans": [
              {
                "Node Type": "Nested Loop",
                "Parent Relationship": "Outer",
                "Parallel Aware": false,
                "Async Capable": false,
                "Join Type": "Left",
                "Startup Cost": 0.26,
                "Total Cost": 16.31,
                "Plan Rows": 2,
                "Plan Width": 20,
                "Actual Startup Time": 0.161,
                "Actual Total Time": 0.167,
                "Actual Rows": 1,
                "Actual Loops": 1,
                "Inner Unique": false,
                "Shared Hit Blocks": 5,
                "Shared Read Blocks": 0,
                "Shared Dirtied Blocks": 1,
                "Shared Written Blocks": 0,
                "Local Hit Blocks": 0,
                "Local Read Blocks": 0,
                "Local Dirtied Blocks": 0,
                "Local Written Blocks": 0,
                "Temp Read Blocks": 0,
                "Temp Written Blocks": 0,
                "Plans": [
                  {
                    "Node Type": "Index Scan",
                    "Parent Relationship": "Outer",
                    "Parallel Aware": false,
                    "Async Capable": false,
                    "Scan Direction": "Forward",
                    "Index Name": "idx_class_date_time",
                    "Relation Name": "Class",
                    "Alias": "c",
                    "Startup Cost": 0.13,
                    "Total Cost": 8.15,
                    "Plan Rows": 1,
                    "Plan Width": 12,
                    "Actual Startup Time": 0.065,
                    "Actual Total Time": 0.066,
                    "Actual Rows": 1,
                    "Actual Loops": 1,
                    "Index Cond": "(date >= CURRENT_DATE)",
                    "Rows Removed by Index Recheck": 0,
                    "Shared Hit Blocks": 2,
                    "Shared Read Blocks": 0,
                    "Shared Dirtied Blocks": 0,
                    "Shared Written Blocks": 0,
                    "Local Hit Blocks": 0,
                    "Local Read Blocks": 0,
                    "Local Dirtied Blocks": 0,
                    "Local Written Blocks": 0,
                    "Temp Read Blocks": 0,
                    "Temp Written Blocks": 0
                  },
                  {
                    "Node Type": "Index Scan",
                    "Parent Relationship": "Inner",
                    "Parallel Aware": false,
                    "Async Capable": false,
                    "Scan Direction": "Forward",
                    "Index Name": "idx_ubc_class",
                    "Relation Name": "User_Booked_Class",
                    "Alias": "ubc",
                    "Startup Cost": 0.13,
                    "Total Cost": 8.15,
                    "Plan Rows": 1,
                    "Plan Width": 16,
                    "Actual Startup Time": 0.092,
                    "Actual Total Time": 0.095,
                    "Actual Rows": 1,
                    "Actual Loops": 1,
                    "Index Cond": "(class_id = c.class_id)",
                    "Rows Removed by Index Recheck": 0,
                    "Shared Hit Blocks": 3,
                    "Shared Read Blocks": 0,
                    "Shared Dirtied Blocks": 1,
                    "Shared Written Blocks": 0,
                    "Local Hit Blocks": 0,
                    "Local Read Blocks": 0,
                    "Local Dirtied Blocks": 0,
                    "Local Written Blocks": 0,
                    "Temp Read Blocks": 0,
                    "Temp Written Blocks": 0
                  }
                ]
              }
            ]
          }
        ]
      }
    ]
  },
  "Planning": {
    "Shared Hit Blocks": 113,
    "Shared Read Blocks": 0,
    "Shared Dirtied Blocks": 0,
    "Shared Written Blocks": 0,
    "Local Hit Blocks": 0,
    "Local Read Blocks": 0,
    "Local Dirtied Blocks": 0,
    "Local Written Blocks": 0,
    "Temp Read Blocks": 0,
    "Temp Written Blocks": 0
  },
  "Planning Time": 0.611,
  "Triggers": [],
  "Execution Time": 0.405
}