{
  "Plan": {
    "Node Type": "Sort",
    "Parallel Aware": false,
    "Async Capable": false,
    "Startup Cost": 1.04,
    "Total Cost": 1.04,
    "Plan Rows": 1,
    "Plan Width": 488,
    "Actual Startup Time": 0.063,
    "Actual Total Time": 0.064,
    "Actual Rows": 0,
    "Actual Loops": 1,
    "Sort Key": [
      "date",
      "\"time\""
    ],
    "Sort Method": "quicksort",
    "Sort Space Used": 25,
    "Sort Space Type": "Memory",
    "Shared Hit Blocks": 9,
    "Shared Read Blocks": 0,
    "Shared Dirtied Blocks": 0,
    "Shared Written Blocks": 0,
    "Local Hit Blocks": 0,
    "Local Read Blocks": 0,
    "Local Dirtied Blocks": 0,
    "Local Written Blocks": 0,
    "Temp Read Blocks": 0,
    "Temp Written Blocks": 0,
    "Plans": [
      {
        "Node Type": "Seq Scan",
        "Parent Relationship": "Outer",
        "Parallel Aware": false,
        "Async Capable": false,
        "Relation Name": "Event",
        "Alias": "Event",
        "Startup Cost": 0,
        "Total Cost": 1.03,
        "Plan Rows": 1,
        "Plan Width": 488,
        "Actual Startup Time": 0.015,
        "Actual Total Time": 0.015,
        "Actual Rows": 0,
        "Actual Loops": 1,
        "Filter": "(date >= CURRENT_DATE)",
        "Rows Removed by Filter": 2,
        "Shared Hit Blocks": 1,
        "Shared Read Blocks": 0,
        "Shared Dirtied Blocks": 0,
        "Shared Written Blocks": 0,
        "Local Hit Blocks": 0,
        "Local Read Blocks": 0,
        "Local Dirtied Blocks": 0,
        "Local Written Blocks": 0,
        "Temp Read Blocks": 0,
        "Temp Written Blocks": 0
      }
    ]
  },
  "Planning": {
    "Shared Hit Blocks": 164,
    "Shared Read Blocks": 0,
    "Shared Dirtied Blocks": 0,
    "Shared Written Blocks": 0,
    "Local Hit Blocks": 0,
    "Local Read Blocks": 0,
    "Local Dirtied Blocks": 0,
    "Local Written Blocks": 0,
    "Temp Read Blocks": 0,
    "Temp Written Blocks": 0
  },
  "Planning Time": 0.742,
  "Triggers": [],
  "Execution Time": 0.098
}